=== Log cleared at 2025-11-15 23:28:06 ===
2025-11-15 23:28:06,009 - app - INFO - ================================================================================
2025-11-15 23:28:06,011 - app - INFO - Starting Lawyer Office Management System
2025-11-15 23:28:06,012 - app - INFO - Timestamp: 2025-11-15 23:28:06
2025-11-15 23:28:06,014 - app - INFO - Working Directory: D:\lawyer_office_management\frontend
2025-11-15 23:28:06,018 - app - INFO - ================================================================================
2025-11-15 23:28:08,959 - app - INFO - Initializing backend API...
2025-11-15 23:28:08,960 - app - INFO - Running database migrations...
2025-11-15 23:28:12,819 - app - INFO - Database migrations completed successfully
2025-11-15 23:28:12,820 - app - INFO - Collecting static files...
2025-11-15 23:28:14,369 - app - INFO - Static files collected successfully
2025-11-15 23:28:14,369 - app - INFO - Checking for superuser...
2025-11-15 23:28:17,020 - app - INFO - Superuser setup completed
2025-11-15 23:28:17,026 - app - INFO - Backend API initialization completed successfully
2025-11-15 23:28:17,028 - app - INFO - 
Starting backend server...
2025-11-15 23:28:17,029 - app - INFO - Starting backend server in D:\lawyer_office_management\backend
2025-11-15 23:28:18,309 - app - INFO - [Backend] Performing system checks...
2025-11-15 23:28:18,310 - app - INFO - [Backend] 
2025-11-15 23:28:18,852 - app - INFO - [Backend] System check identified some issues:
2025-11-15 23:28:18,858 - app - INFO - [Backend] 
2025-11-15 23:28:18,859 - app - INFO - [Backend] WARNINGS:
2025-11-15 23:28:18,860 - app - INFO - [Backend] ?: (urls.W005) URL namespace 'appointments_api' isn't unique. You may not be able to reverse all URLs in this namespace
2025-11-15 23:28:18,861 - app - INFO - [Backend] ?: (urls.W005) URL namespace 'clients_api' isn't unique. You may not be able to reverse all URLs in this namespace
2025-11-15 23:28:18,862 - app - INFO - [Backend] ?: (urls.W005) URL namespace 'users_api' isn't unique. You may not be able to reverse all URLs in this namespace
2025-11-15 23:28:18,864 - app - INFO - [Backend] 
2025-11-15 23:28:18,866 - app - INFO - [Backend] System check identified 3 issues (0 silenced).
2025-11-15 23:28:19,105 - app - INFO - [Backend] November 15, 2025 - 23:28:19
2025-11-15 23:28:19,106 - app - INFO - [Backend] Django version 5.2.8, using settings 'config.settings'
2025-11-15 23:28:19,109 - app - INFO - [Backend] Starting development server at http://0.0.0.0:8000/
2025-11-15 23:28:19,111 - app - INFO - [Backend] Quit the server with CTRL-BREAK.
2025-11-15 23:28:19,112 - app - INFO - [Backend] 
2025-11-15 23:28:19,114 - app - INFO - [Backend] WARNING: This is a development server. Do not use it in a production setting. Use a production WSGI or ASGI server instead.
2025-11-15 23:28:19,115 - app - INFO - [Backend] For more information on production servers see: https://docs.djangoproject.com/en/5.2/howto/deployment/
2025-11-15 23:28:20,048 - app - INFO - Waiting for backend API to be ready...
2025-11-15 23:28:20,119 - app - INFO - [Backend] Request received
2025-11-15 23:28:20,126 - httpx - INFO - HTTP Request: GET http://127.0.0.1:8000/ "HTTP/1.1 302 Found"
2025-11-15 23:28:20,131 - app - INFO - [Backend] Response sent
2025-11-15 23:28:20,134 - app - INFO - [Backend] "GET / HTTP/1.1" 302 0
2025-11-15 23:28:20,136 - app - INFO - Django server is responding...
2025-11-15 23:28:20,141 - app - INFO - [Backend] Request received
2025-11-15 23:28:20,152 - app - INFO - [Backend] Response sent
2025-11-15 23:28:20,152 - httpx - INFO - HTTP Request: GET http://127.0.0.1:8000/api/v1/health/ "HTTP/1.1 200 OK"
2025-11-15 23:28:20,158 - app - INFO - [Backend] "GET /api/v1/health/ HTTP/1.1" 200 79
2025-11-15 23:28:20,162 - app - INFO - Backend API is ready!
2025-11-15 23:28:20,164 - app - INFO - Backend server started successfully
2025-11-15 23:28:22,168 - app - INFO - 
Starting frontend application...
2025-11-15 23:28:38,466 - flet - INFO - Assets path configured: D:\lawyer_office_management\frontend\assets
2025-11-15 23:28:45,897 - flet - INFO - Starting Flet web server on port 8503...
2025-11-15 23:28:45,945 - flet_web.fastapi - INFO - Web renderer configured: WebRenderer.CANVAS_KIT
2025-11-15 23:28:45,987 - flet_web.fastapi - INFO - Use color emoji: True
2025-11-15 23:28:46,040 - flet_web.fastapi - INFO - Route URL strategy configured: path
2025-11-15 23:28:46,708 - flet_web.fastapi - INFO - Starting up Flet App Manager
2025-11-15 23:28:46,713 - flet - INFO - App URL: http://127.0.0.1:8503
2025-11-15 23:28:50,935 - flet_web.fastapi - INFO - Temp dir created for patched index and manifest: C:\Users\T\AppData\Local\Temp\tmpm7zmdc05
2025-11-15 23:28:50,937 - flet_web.fastapi - INFO - Web root: C:\Users\T\AppData\Local\Programs\Python\Python311\Lib\site-packages\flet_web\web
2025-11-15 23:28:50,944 - flet_web.fastapi - INFO - assets_dir does not exist: D:\lawyer_office_management\frontend\assets
2025-11-15 23:28:50,952 - flet_web.fastapi - INFO - Assets dir: None
2025-11-15 23:28:52,752 - flet_web.fastapi - INFO - New FletApp: No2WoCtm
2025-11-15 23:28:53,052 - flet_web.fastapi - INFO - New session created (1 total): _ar3EsBWvENyptz8t_b33333ddc935e6c039a127abd2fe983df1e3408a
2025-11-15 23:28:53,057 - flet_web.fastapi - INFO - Start session: ar3EsBWvENyptz8t
2025-11-15 23:28:53,057 - src.app - INFO - Initializing application...
2025-11-15 23:28:53,059 - src.app - INFO - LawyerOfficeApp.__init__ called with page: page {'id': 'page', 'route': '/', 'pwa': 'false', 'web': 'true', 'debug': 'false', 'platform': 'windows', 'platformbrightness': 'light', 'media': '{"padding":{"top":0,"right":0,"bottom":0,"left":0},"view_padding":{"top":0,"right":0,"bottom":0,"left":0},"view_insets":{"top":0,"right":0,"bottom":0,"left":0}}', 'width': '1706.6666259765625', 'height': '745.7777709960938', 'windowwidth': '', 'windowheight': '', 'windowtop': '', 'windowleft': '', 'clientip': '127.0.0.1', 'clientuseragent': 'Mozilla/5.0 (Windows NT 10.0; Win64; x64) AppleWebKit/537.36 (KHTML, like Gecko) Chrome/142.0.0.0 Safari/537.36', 'title': 'Lawyer Office Management', 'thememode': 'light'}
2025-11-15 23:28:53,073 - src.app - INFO - Setting page properties for page id: 1676285153104
2025-11-15 23:28:53,093 - src.app - INFO - Stored token found: False
2025-11-15 23:28:53,097 - src.app - INFO - Stored token value: None
2025-11-15 23:28:53,097 - src.app - INFO - No stored token found
2025-11-15 23:28:53,113 - src.app - INFO - Storage test - set: test_value, got: test_value
2025-11-15 23:28:53,114 - src.app - INFO - App initialized
2025-11-15 23:28:53,246 - src.app - INFO - === INIT START ===
2025-11-15 23:28:53,247 - src.app - INFO - Is authenticated: False
2025-11-15 23:28:53,247 - src.app - INFO - Has dashboard_view: True
2025-11-15 23:28:53,247 - src.app - INFO - Has main: True
2025-11-15 23:28:53,247 - src.app - INFO - Has content: True
2025-11-15 23:28:53,253 - src.app - INFO - Initial: Set empty container for unauthenticated user
2025-11-15 23:28:53,260 - src.app - INFO - Adding main layout to page (has 3 controls)
2025-11-15 23:28:53,268 - src.app - INFO - Page now has 1 controls after adding main
2025-11-15 23:28:53,283 - src.app - INFO - Page updated successfully after init
2025-11-15 23:28:53,283 - src.app - INFO - === INIT END ===
2025-11-15 23:28:53,289 - src.app - INFO - Starting with initial route: /
2025-11-15 23:28:53,291 - src.app - INFO - === ROUTE_CHANGE START ===
2025-11-15 23:28:53,294 - src.app - INFO - Route changed to: /
2025-11-15 23:28:53,295 - src.app - INFO - Is authenticated: False
2025-11-15 23:28:53,296 - src.app - INFO - Access token exists: False
2025-11-15 23:28:53,297 - src.app - INFO - Page has 1 controls
2025-11-15 23:28:53,299 - src.app - INFO - Root route accessed. is_authenticated: False
2025-11-15 23:28:53,300 - src.app - INFO - Access token exists: False
2025-11-15 23:28:53,302 - src.app - INFO - User not authenticated, showing login form
2025-11-15 23:28:53,307 - src.app - INFO - === SHOW_LOGIN START ===
2025-11-15 23:28:53,309 - src.app - INFO - Showing login form
2025-11-15 23:28:53,311 - src.app - INFO - Page object in show_login: page {'id': 'page', 'route': '/', 'pwa': 'false', 'web': 'true', 'debug': 'false', 'platform': 'windows', 'platformbrightness': 'light', 'media': '{"padding":{"top":0,"right":0,"bottom":0,"left":0},"view_padding":{"top":0,"right":0,"bottom":0,"left":0},"view_insets":{"top":0,"right":0,"bottom":0,"left":0}}', 'width': '1706.6666259765625', 'height': '745.7777709960938', 'windowwidth': '', 'windowheight': '', 'windowtop': '', 'windowleft': '', 'clientip': '127.0.0.1', 'clientuseragent': 'Mozilla/5.0 (Windows NT 10.0; Win64; x64) AppleWebKit/537.36 (KHTML, like Gecko) Chrome/142.0.0.0 Safari/537.36', 'title': 'Lawyer Office Management', 'thememode': 'light', 'theme': '{"color_scheme_seed":"blue","use_material3":true,"page_transitions":{},"system_overlay_style":{}}'}
2025-11-15 23:28:53,314 - src.app - INFO - Page id in show_login: 1676285153104
2025-11-15 23:28:53,315 - src.app - INFO - Main layout exists: True
2025-11-15 23:28:53,316 - src.app - INFO - Content exists: True
2025-11-15 23:28:53,319 - src.app - INFO - Main controls count: 3
2025-11-15 23:28:53,327 - src.app - INFO - Login container dimensions: width=400, height=300
2025-11-15 23:28:53,329 - src.app - INFO - Login container bgcolor: #ffffff
2025-11-15 23:28:53,331 - src.app - INFO - Login container border: Border(top=BorderSide(width=2, color='#1976d2', stroke_align=None), right=BorderSide(width=2, color='#1976d2', stroke_align=None), bottom=BorderSide(width=2, color='#1976d2', stroke_align=None), left=BorderSide(width=2, color='#1976d2', stroke_align=None))
2025-11-15 23:28:53,335 - src.app - INFO - Login container set as content: <class 'flet.core.container.Container'>
2025-11-15 23:28:53,346 - src.app - INFO - Login container has children: True
2025-11-15 23:28:53,351 - src.app - INFO - Debug column with test container set as content
2025-11-15 23:28:53,353 - src.app - INFO - Content expand set to: True
2025-11-15 23:28:53,357 - src.app - INFO - Content alignment set to: Alignment(x=0, y=0)
2025-11-15 23:28:53,360 - src.app - INFO - Content bgcolor set to: Colors.YELLOW_50
2025-11-15 23:28:53,361 - src.app - INFO - Main controls updated: ['Container']
2025-11-15 23:28:53,363 - src.app - INFO - Main bgcolor set to: Colors.BLUE_50
2025-11-15 23:28:53,364 - src.app - INFO - Login view created in main layout
2025-11-15 23:28:53,396 - src.app - INFO - Login form added directly to page
2025-11-15 23:28:53,396 - src.app - INFO - Updating page with login view...
2025-11-15 23:28:53,401 - src.app - INFO - Page has 1 controls before update
2025-11-15 23:28:53,402 - src.app - INFO -   Control 0: Container - container {'expand': 1, 'bgcolor': 'grey100', 'alignment': '{"x":0,"y":0}'}
2025-11-15 23:28:53,408 - src.app - INFO - Content type: <class 'flet.core.container.Container'>
2025-11-15 23:28:53,410 - src.app - INFO - Content expand: True
2025-11-15 23:28:53,412 - src.app - INFO - Content alignment: Alignment(x=0, y=0)
2025-11-15 23:28:53,414 - src.app - INFO - Content bgcolor: Colors.YELLOW_50
2025-11-15 23:28:53,414 - src.app - INFO - Content content type: <class 'flet.core.column.Column'>
2025-11-15 23:28:53,416 - src.app - INFO - Content content has 2 controls
2025-11-15 23:28:53,431 - src.app - INFO - Page has 1 controls after update
2025-11-15 23:28:53,433 - src.app - INFO -   Control 0: Container - container {'expand': 1, 'bgcolor': 'grey100', 'alignment': '{"x":0,"y":0}'}
2025-11-15 23:28:53,433 - src.app - INFO - Page updated successfully
2025-11-15 23:28:53,433 - src.app - INFO - === SHOW_LOGIN END ===
2025-11-15 23:28:53,440 - src.app - INFO - === ROUTE_CHANGE END ===
2025-11-15 23:29:03,987 - src.app - INFO - === HANDLE_LOGIN START ===
2025-11-15 23:29:03,990 - src.app - INFO - Login attempt with email: admin@lawfirm.com
2025-11-15 23:29:04,070 - app - INFO - [Backend] Request received
2025-11-15 23:29:07,614 - app - INFO - [Backend] Response sent
2025-11-15 23:29:07,622 - httpx - INFO - HTTP Request: POST http://127.0.0.1:8000/api/v1/auth/login/ "HTTP/1.1 200 OK"
2025-11-15 23:29:07,636 - app - INFO - [Backend] "POST /api/v1/auth/login/ HTTP/1.1" 200 872
2025-11-15 23:29:07,699 - src.app - INFO - API client token set
2025-11-15 23:29:07,705 - src.app - INFO - Login successful!
2025-11-15 23:29:07,723 - src.app - INFO - === HANDLE_LOGIN END ===
2025-11-15 23:29:07,746 - src.app - INFO - Route change wrapper called with: /dashboard
2025-11-15 23:29:07,815 - src.app - INFO - === ROUTE_CHANGE START ===
2025-11-15 23:29:07,860 - src.app - INFO - Route changed to: /dashboard
2025-11-15 23:29:07,861 - src.app - INFO - Is authenticated: True
2025-11-15 23:29:08,005 - src.app - INFO - Access token exists: True
2025-11-15 23:29:08,068 - src.app - INFO - Page has 1 controls
2025-11-15 23:29:08,080 - src.app - INFO - Dashboard route accessed. is_authenticated: True
2025-11-15 23:29:08,084 - src.app - INFO - Access token exists: True
2025-11-15 23:29:08,092 - src.app - INFO - Showing dashboard
2025-11-15 23:29:08,127 - src.app - INFO - Main layout added to page. Page controls: 1
2025-11-15 23:29:08,211 - src.app - INFO - Dashboard content set. Content type: <class 'flet.core.column.Column'>
2025-11-15 23:29:08,332 - src.app - INFO - Content has children: False
2025-11-15 23:29:08,341 - src.app - INFO - Reset dashboard data_loaded flag for fresh load
2025-11-15 23:29:08,425 - src.app - INFO - Dashboard view displayed with main layout
2025-11-15 23:29:08,514 - src.app - INFO - Main controls count: 3
2025-11-15 23:29:08,565 - src.app - INFO - Page controls before update: 1
2025-11-15 23:29:08,676 - src.app - INFO - Page controls after update: 1
2025-11-15 23:29:08,695 - src.app - INFO - Page updated successfully with dashboard
2025-11-15 23:29:08,790 - src.app - INFO - Checking if dashboard has did_mount_async method...
2025-11-15 23:29:08,840 - src.app - INFO - Dashboard instance type: <class 'src.views.dashboard.DashboardView'>
2025-11-15 23:29:08,850 - src.app - INFO - Dashboard instance methods: ['app', 'appointments_data', 'build', 'controls', 'data_loaded', 'error', 'loading', 'page', 'stats_data']
2025-11-15 23:29:08,858 - src.app - ERROR - Dashboard view instance does not have did_mount_async method!
2025-11-15 23:29:08,893 - src.app - INFO - === ROUTE_CHANGE END ===
2025-11-15 23:29:19,741 - flet_web.fastapi - INFO - Session disconnected: _ar3EsBWvENyptz8t_b33333ddc935e6c039a127abd2fe983df1e3408a
2025-11-15 23:29:20,449 - flet_web.fastapi - INFO - New FletApp: YTcOd0F8
2025-11-15 23:29:20,640 - flet_web.fastapi - INFO - Existing session requested: ar3EsBWvENyptz8t
2025-11-15 23:29:20,702 - flet_web.fastapi - INFO - Session reconnected: _ar3EsBWvENyptz8t_b33333ddc935e6c039a127abd2fe983df1e3408a
2025-11-15 23:29:20,707 - flet_web.fastapi - INFO - Disposing FletApp: No2WoCtm
2025-11-15 23:29:31,964 - flet_web.fastapi - INFO - Session disconnected: _ar3EsBWvENyptz8t_b33333ddc935e6c039a127abd2fe983df1e3408a
2025-11-15 23:29:42,751 - flet_web.fastapi - INFO - Shutting down Flet App Manager
2025-11-15 23:29:42,756 - flet_web.fastapi - INFO - Deleting temp dir: C:\Users\T\AppData\Local\Temp\tmpm7zmdc05
2025-11-15 23:29:42,770 - flet - INFO - Flet app has started...
2025-11-15 23:29:42,772 - flet_web.fastapi - INFO - Closing Flet web server...
2025-11-15 23:29:42,894 - src.app - INFO - Application shutdown requested
2025-11-15 23:29:42,895 - src.app - INFO - Application shutdown complete
2025-11-15 23:29:42,905 - app - INFO - 
Frontend application closed!
2025-11-15 23:29:42,906 - app - INFO - 
Cleaning up resources...
2025-11-15 23:29:42,911 - app - INFO - Cleanup complete. Goodbye!
