Watching for file changes with StatReloader
D:\lawyer_office_management\backend\config\wsgi.py changed, reloading.
Watching for file changes with StatReloader
D:\lawyer_office_management\backend\config\wsgi.py changed, reloading.
Watching for file changes with StatReloader
Watching for file changes with StatReloader
D:\lawyer_office_management\backend\apps\core\__init__.py changed, reloading.
Watching for file changes with StatReloader
Watching for file changes with StatReloader
D:\lawyer_office_management\backend\apps\core\middleware\__init__.py changed, reloading.
D:\lawyer_office_management\backend\apps\core\middleware\__init__.py changed, reloading.
Watching for file changes with StatReloader
Watching for file changes with StatReloader
Watching for file changes with StatReloader
Watching for file changes with StatReloader
D:\lawyer_office_management\backend\apps\core\middleware\request_logging.py changed, reloading.
D:\lawyer_office_management\backend\apps\core\middleware\request_logging.py changed, reloading.
D:\lawyer_office_management\backend\apps\core\middleware\request_logging.py changed, reloading.
Watching for file changes with StatReloader
Watching for file changes with StatReloader
Watching for file changes with StatReloader
Watching for file changes with StatReloader
Session data corrupted
Request received
Client error response
Not Found: /api/
"GET /api/ HTTP/1.1" 404 2867
D:\lawyer_office_management\backend\lawyer_office\urls.py changed, reloading.
D:\lawyer_office_management\backend\lawyer_office\urls.py changed, reloading.
D:\lawyer_office_management\backend\lawyer_office\urls.py changed, reloading.
D:\lawyer_office_management\backend\lawyer_office\urls.py changed, reloading.
Watching for file changes with StatReloader
Watching for file changes with StatReloader
Watching for file changes with StatReloader
Watching for file changes with StatReloader
Watching for file changes with StatReloader
Watching for file changes with StatReloader
Watching for file changes with StatReloader
Watching for file changes with StatReloader
D:\lawyer_office_management\backend\config\settings.py changed, reloading.
D:\lawyer_office_management\backend\config\settings.py changed, reloading.
D:\lawyer_office_management\backend\config\settings.py changed, reloading.
D:\lawyer_office_management\backend\config\settings.py changed, reloading.
D:\lawyer_office_management\backend\config\settings.py changed, reloading.
D:\lawyer_office_management\backend\config\settings.py changed, reloading.
Watching for file changes with StatReloader
Watching for file changes with StatReloader
Watching for file changes with StatReloader
Watching for file changes with StatReloader
Watching for file changes with StatReloader
Watching for file changes with StatReloader
Watching for file changes with StatReloader
Watching for file changes with StatReloader
Watching for file changes with StatReloader
D:\lawyer_office_management\backend\apps\users\apps.py changed, reloading.
D:\lawyer_office_management\backend\apps\users\apps.py changed, reloading.
D:\lawyer_office_management\backend\apps\users\apps.py changed, reloading.
D:\lawyer_office_management\backend\apps\users\apps.py changed, reloading.
D:\lawyer_office_management\backend\apps\users\apps.py changed, reloading.
D:\lawyer_office_management\backend\apps\users\apps.py changed, reloading.
Watching for file changes with StatReloader
Watching for file changes with StatReloader
Watching for file changes with StatReloader
Watching for file changes with StatReloader
Watching for file changes with StatReloader
Watching for file changes with StatReloader
D:\lawyer_office_management\backend\config\settings.py changed, reloading.
D:\lawyer_office_management\backend\config\settings.py changed, reloading.
D:\lawyer_office_management\backend\config\settings.py changed, reloading.
D:\lawyer_office_management\backend\config\settings.py changed, reloading.
D:\lawyer_office_management\backend\config\settings.py changed, reloading.
D:\lawyer_office_management\backend\config\settings.py changed, reloading.
Watching for file changes with StatReloader
Watching for file changes with StatReloader
Watching for file changes with StatReloader
Watching for file changes with StatReloader
Watching for file changes with StatReloader
Watching for file changes with StatReloader
D:\lawyer_office_management\backend\apps\users\apps.py changed, reloading.
D:\lawyer_office_management\backend\apps\users\apps.py changed, reloading.
D:\lawyer_office_management\backend\apps\users\apps.py changed, reloading.
Watching for file changes with StatReloader
Watching for file changes with StatReloader
Watching for file changes with StatReloader
D:\lawyer_office_management\backend\config\settings.py changed, reloading.
D:\lawyer_office_management\backend\config\settings.py changed, reloading.
D:\lawyer_office_management\backend\config\settings.py changed, reloading.
D:\lawyer_office_management\backend\config\settings.py changed, reloading.
D:\lawyer_office_management\backend\config\settings.py changed, reloading.
D:\lawyer_office_management\backend\config\settings.py changed, reloading.
Watching for file changes with StatReloader
Watching for file changes with StatReloader
Watching for file changes with StatReloader
Watching for file changes with StatReloader
Watching for file changes with StatReloader
Watching for file changes with StatReloader
D:\lawyer_office_management\backend\apps\__init__.py changed, reloading.
D:\lawyer_office_management\backend\apps\__init__.py changed, reloading.
D:\lawyer_office_management\backend\apps\__init__.py changed, reloading.
D:\lawyer_office_management\backend\apps\__init__.py changed, reloading.
D:\lawyer_office_management\backend\apps\__init__.py changed, reloading.
D:\lawyer_office_management\backend\apps\__init__.py changed, reloading.
Watching for file changes with StatReloader
Watching for file changes with StatReloader
Watching for file changes with StatReloader
Watching for file changes with StatReloader
Watching for file changes with StatReloader
Watching for file changes with StatReloader
D:\lawyer_office_management\backend\config\settings.py changed, reloading.
D:\lawyer_office_management\backend\config\settings.py changed, reloading.
D:\lawyer_office_management\backend\config\settings.py changed, reloading.
D:\lawyer_office_management\backend\config\settings.py changed, reloading.
D:\lawyer_office_management\backend\config\settings.py changed, reloading.
D:\lawyer_office_management\backend\config\settings.py changed, reloading.
Watching for file changes with StatReloader
Watching for file changes with StatReloader
Watching for file changes with StatReloader
Watching for file changes with StatReloader
Watching for file changes with StatReloader
Watching for file changes with StatReloader
D:\lawyer_office_management\backend\apps\__init__.py changed, reloading.
D:\lawyer_office_management\backend\apps\__init__.py changed, reloading.
D:\lawyer_office_management\backend\apps\__init__.py changed, reloading.
D:\lawyer_office_management\backend\apps\__init__.py changed, reloading.
D:\lawyer_office_management\backend\apps\__init__.py changed, reloading.
D:\lawyer_office_management\backend\apps\__init__.py changed, reloading.
Watching for file changes with StatReloader
Watching for file changes with StatReloader
Watching for file changes with StatReloader
Watching for file changes with StatReloader
Watching for file changes with StatReloader
Watching for file changes with StatReloader
D:\lawyer_office_management\backend\manage.py changed, reloading.
D:\lawyer_office_management\backend\manage.py changed, reloading.
D:\lawyer_office_management\backend\manage.py changed, reloading.
D:\lawyer_office_management\backend\manage.py changed, reloading.
D:\lawyer_office_management\backend\manage.py changed, reloading.
D:\lawyer_office_management\backend\manage.py changed, reloading.
Watching for file changes with StatReloader
Watching for file changes with StatReloader
Watching for file changes with StatReloader
Watching for file changes with StatReloader
Watching for file changes with StatReloader
Watching for file changes with StatReloader
D:\lawyer_office_management\backend\apps\users\apps.py changed, reloading.
D:\lawyer_office_management\backend\apps\users\apps.py changed, reloading.
D:\lawyer_office_management\backend\apps\users\apps.py changed, reloading.
D:\lawyer_office_management\backend\apps\users\apps.py changed, reloading.
D:\lawyer_office_management\backend\apps\users\apps.py changed, reloading.
D:\lawyer_office_management\backend\apps\users\apps.py changed, reloading.
Watching for file changes with StatReloader
Watching for file changes with StatReloader
Watching for file changes with StatReloader
Watching for file changes with StatReloader
Watching for file changes with StatReloader
Watching for file changes with StatReloader
D:\lawyer_office_management\backend\apps\users\urls.py changed, reloading.
D:\lawyer_office_management\backend\apps\users\urls.py changed, reloading.
D:\lawyer_office_management\backend\apps\users\urls.py changed, reloading.
D:\lawyer_office_management\backend\apps\users\urls.py changed, reloading.
D:\lawyer_office_management\backend\apps\users\urls.py changed, reloading.
D:\lawyer_office_management\backend\apps\users\urls.py changed, reloading.
Watching for file changes with StatReloader
Watching for file changes with StatReloader
Watching for file changes with StatReloader
Watching for file changes with StatReloader
Watching for file changes with StatReloader
Watching for file changes with StatReloader
D:\lawyer_office_management\backend\lawyer_office\urls.py changed, reloading.
D:\lawyer_office_management\backend\lawyer_office\urls.py changed, reloading.
D:\lawyer_office_management\backend\lawyer_office\urls.py changed, reloading.
D:\lawyer_office_management\backend\lawyer_office\urls.py changed, reloading.
D:\lawyer_office_management\backend\lawyer_office\urls.py changed, reloading.
D:\lawyer_office_management\backend\lawyer_office\urls.py changed, reloading.
Watching for file changes with StatReloader
Watching for file changes with StatReloader
Watching for file changes with StatReloader
Watching for file changes with StatReloader
Watching for file changes with StatReloader
Watching for file changes with StatReloader
Watching for file changes with StatReloader
Session data corrupted
"GET /admin/ HTTP/1.1" 302 0
Session data corrupted
"GET /admin/login/?next=/admin/ HTTP/1.1" 200 4178
Session data corrupted
"POST /admin/login/?next=/admin/ HTTP/1.1" 302 0
"GET /admin/ HTTP/1.1" 200 13391
"GET /admin/ HTTP/1.1" 200 13391
Request received
Client error response
Not Found: /
"GET / HTTP/1.1" 404 2483
Request received
Client error response
Not Found: /
"GET / HTTP/1.1" 404 2483
Watching for file changes with StatReloader
Request received
Client error response
Not Found: /api/health/
"GET /api/health/ HTTP/1.1" 404 2534
Request received
Client error response
Not Found: /api/v1/auth/
"GET /api/v1/auth/ HTTP/1.1" 404 6488
Request received
Client error response
Unauthorized: /api/v1/auth/users/
"GET /api/v1/auth/users/ HTTP/1.1" 401 58
D:\lawyer_office_management\backend\config\settings.py changed, reloading.
D:\lawyer_office_management\backend\config\settings.py changed, reloading.
D:\lawyer_office_management\backend\config\settings.py changed, reloading.
D:\lawyer_office_management\backend\config\settings.py changed, reloading.
D:\lawyer_office_management\backend\config\settings.py changed, reloading.
D:\lawyer_office_management\backend\config\settings.py changed, reloading.
D:\lawyer_office_management\backend\config\settings.py changed, reloading.
D:\lawyer_office_management\backend\config\settings.py changed, reloading.
Watching for file changes with StatReloader
Watching for file changes with StatReloader
Watching for file changes with StatReloader
Watching for file changes with StatReloader
Watching for file changes with StatReloader
Watching for file changes with StatReloader
Watching for file changes with StatReloader
Watching for file changes with StatReloader
Watching for file changes with StatReloader
Request received
Client error response
Not Found: /api/v1/
"GET /api/v1/ HTTP/1.1" 404 4150
Request received
Client error response
Unauthorized: /api/v1/auth/users/
"GET /api/v1/auth/users/ HTTP/1.1" 401 58
Watching for file changes with StatReloader
Request received
Client error response
Not Found: /
"GET / HTTP/1.1" 404 2483
D:\lawyer_office_management\backend\lawyer_office\urls.py changed, reloading.
D:\lawyer_office_management\backend\lawyer_office\urls.py changed, reloading.
D:\lawyer_office_management\backend\lawyer_office\urls.py changed, reloading.
D:\lawyer_office_management\backend\lawyer_office\urls.py changed, reloading.
D:\lawyer_office_management\backend\lawyer_office\urls.py changed, reloading.
D:\lawyer_office_management\backend\lawyer_office\urls.py changed, reloading.
D:\lawyer_office_management\backend\lawyer_office\urls.py changed, reloading.
D:\lawyer_office_management\backend\lawyer_office\urls.py changed, reloading.
D:\lawyer_office_management\backend\lawyer_office\urls.py changed, reloading.
Watching for file changes with StatReloader
Watching for file changes with StatReloader
Watching for file changes with StatReloader
Watching for file changes with StatReloader
Watching for file changes with StatReloader
Watching for file changes with StatReloader
Watching for file changes with StatReloader
Watching for file changes with StatReloader
Watching for file changes with StatReloader
Request received
Response sent
"GET / HTTP/1.1" 302 0
Request received
Response sent
"GET /api/v1/docs/ HTTP/1.1" 200 2235
"GET /static/drf-yasg/style.css HTTP/1.1" 200 1047
"GET /static/drf-yasg/insQ.min.js HTTP/1.1" 200 2093
"GET /static/drf-yasg/immutable.min.js HTTP/1.1" 200 56904
"GET /static/drf-yasg/swagger-ui-dist/swagger-ui-standalone-preset.js HTTP/1.1" 200 322863
"GET /static/drf-yasg/swagger-ui-dist/swagger-ui.css HTTP/1.1" 200 145206
"GET /static/drf-yasg/swagger-ui-dist/swagger-ui-bundle.js HTTP/1.1" 200 1046583
"GET /static/drf-yasg/swagger-ui-init.js HTTP/1.1" 200 15480
"GET /static/drf-yasg/swagger-ui-dist/favicon-32x32.png HTTP/1.1" 200 628
Request received
Response sent
"GET /api/v1/docs/?format=openapi HTTP/1.1" 200 28371
Watching for file changes with StatReloader
Request received
Response sent
"GET / HTTP/1.1" 302 0
Request received
Response sent
"GET /api/v1/docs/ HTTP/1.1" 200 2235
Request received
Response sent
"GET /api/v1/docs/?format=openapi HTTP/1.1" 200 28371
Request received
Response sent
"GET /api/v1/docs/ HTTP/1.1" 200 2235
Request received
Response sent
"GET /api/v1/docs/?format=openapi HTTP/1.1" 200 28371
D:\lawyer_office_management\backend\config\settings.py changed, reloading.
Watching for file changes with StatReloader
D:\lawyer_office_management\backend\lawyer_office\urls.py changed, reloading.
Watching for file changes with StatReloader
Request received
Response sent
"GET /api/v1/health/ HTTP/1.1" 200 79
Request received
Response sent
"GET /api/v1/health/ HTTP/1.1" 200 79
Watching for file changes with StatReloader
Watching for file changes with StatReloader
Request received
Response sent
"GET /api/v1/health/ HTTP/1.1" 200 79
Request received
Response sent
"GET /api/v1/health/ HTTP/1.1" 200 79
Watching for file changes with StatReloader
Watching for file changes with StatReloader
Watching for file changes with StatReloader
Request received
Response sent
"GET /api/v1/health/ HTTP/1.1" 200 79
Watching for file changes with StatReloader
Watching for file changes with StatReloader
Watching for file changes with StatReloader
Watching for file changes with StatReloader
Watching for file changes with StatReloader
Watching for file changes with StatReloader
Watching for file changes with StatReloader
Watching for file changes with StatReloader
Watching for file changes with StatReloader
"GET /admin/ HTTP/1.1" 302 0
"GET /admin/login/?next=/admin/ HTTP/1.1" 200 4178
Watching for file changes with StatReloader
"GET /admin/ HTTP/1.1" 302 0
"GET /admin/login/?next=/admin/ HTTP/1.1" 200 4178
Watching for file changes with StatReloader
"GET /admin/ HTTP/1.1" 302 0
"GET /admin/login/?next=/admin/ HTTP/1.1" 200 4178
Watching for file changes with StatReloader
"GET /admin/ HTTP/1.1" 302 0
"GET /admin/login/?next=/admin/ HTTP/1.1" 200 4178
Watching for file changes with StatReloader
"GET /admin/ HTTP/1.1" 302 0
"GET /admin/login/?next=/admin/ HTTP/1.1" 200 4178
Watching for file changes with StatReloader
"GET /admin/ HTTP/1.1" 302 0
"GET /admin/login/?next=/admin/ HTTP/1.1" 200 4178
Watching for file changes with StatReloader
"GET /admin/ HTTP/1.1" 302 0
"GET /admin/login/?next=/admin/ HTTP/1.1" 200 4178
Watching for file changes with StatReloader
Watching for file changes with StatReloader
"GET /admin/ HTTP/1.1" 302 0
"GET /admin/login/?next=/admin/ HTTP/1.1" 200 4178
Watching for file changes with StatReloader
Watching for file changes with StatReloader
"GET /admin/ HTTP/1.1" 302 0
"GET /admin/login/?next=/admin/ HTTP/1.1" 200 4178
- Broken pipe from ('127.0.0.1', 51085)
Watching for file changes with StatReloader
"GET /admin/ HTTP/1.1" 302 0
"GET /admin/login/?next=/admin/ HTTP/1.1" 200 4178
Watching for file changes with StatReloader
"GET /admin/ HTTP/1.1" 302 0
"GET /admin/login/?next=/admin/ HTTP/1.1" 200 4178
Watching for file changes with StatReloader
"GET /admin/ HTTP/1.1" 302 0
"GET /admin/login/?next=/admin/ HTTP/1.1" 200 4178
Watching for file changes with StatReloader
"GET /admin/ HTTP/1.1" 302 0
"GET /admin/login/?next=/admin/ HTTP/1.1" 200 4178
Watching for file changes with StatReloader
"GET /admin/ HTTP/1.1" 302 0
"GET /admin/login/?next=/admin/ HTTP/1.1" 200 4178
Watching for file changes with StatReloader
"GET /admin/ HTTP/1.1" 302 0
"GET /admin/login/?next=/admin/ HTTP/1.1" 200 4178
Watching for file changes with StatReloader
"GET /admin/ HTTP/1.1" 302 0
"GET /admin/login/?next=/admin/ HTTP/1.1" 200 4178
Watching for file changes with StatReloader
"GET /admin/ HTTP/1.1" 302 0
"GET /admin/login/?next=/admin/ HTTP/1.1" 200 4178
Watching for file changes with StatReloader
"GET /admin/ HTTP/1.1" 302 0
"GET /admin/login/?next=/admin/ HTTP/1.1" 200 4178
Watching for file changes with StatReloader
"GET /admin/ HTTP/1.1" 302 0
"GET /admin/login/?next=/admin/ HTTP/1.1" 200 4178
Watching for file changes with StatReloader
"GET /admin/ HTTP/1.1" 302 0
"GET /admin/login/?next=/admin/ HTTP/1.1" 200 4178
Watching for file changes with StatReloader
Watching for file changes with StatReloader
Watching for file changes with StatReloader
"GET /admin/ HTTP/1.1" 302 0
- Broken pipe from ('127.0.0.1', 54571)
Watching for file changes with StatReloader
"GET /admin/ HTTP/1.1" 302 0
- Broken pipe from ('127.0.0.1', 51602)
Watching for file changes with StatReloader
Watching for file changes with StatReloader
"GET /admin/ HTTP/1.1" 302 0
"GET /admin/login/?next=/admin/ HTTP/1.1" 200 4178
Watching for file changes with StatReloader
"GET /admin/ HTTP/1.1" 302 0
"GET /admin/login/?next=/admin/ HTTP/1.1" 200 4178
Watching for file changes with StatReloader
"GET /admin/ HTTP/1.1" 302 0
"GET /admin/login/?next=/admin/ HTTP/1.1" 200 4178
Watching for file changes with StatReloader
"GET /admin/ HTTP/1.1" 302 0
"GET /admin/login/?next=/admin/ HTTP/1.1" 200 4178
Watching for file changes with StatReloader
"GET /admin/ HTTP/1.1" 302 0
"GET /admin/login/?next=/admin/ HTTP/1.1" 200 4178
Watching for file changes with StatReloader
"GET /admin/ HTTP/1.1" 302 0
"GET /admin/login/?next=/admin/ HTTP/1.1" 200 4178
Watching for file changes with StatReloader
"GET /admin/ HTTP/1.1" 302 0
"GET /admin/login/?next=/admin/ HTTP/1.1" 200 4178
Watching for file changes with StatReloader
"GET /admin/ HTTP/1.1" 302 0
"GET /admin/login/?next=/admin/ HTTP/1.1" 200 4178
Watching for file changes with StatReloader
"GET /admin/ HTTP/1.1" 302 0
"GET /admin/login/?next=/admin/ HTTP/1.1" 200 4178
Watching for file changes with StatReloader
"GET /admin/ HTTP/1.1" 302 0
"GET /admin/login/?next=/admin/ HTTP/1.1" 200 4178
Watching for file changes with StatReloader
"GET /admin/ HTTP/1.1" 302 0
"GET /admin/login/?next=/admin/ HTTP/1.1" 200 4178
Watching for file changes with StatReloader
Watching for file changes with StatReloader
Watching for file changes with StatReloader
Watching for file changes with StatReloader
Request received
Response sent
"GET / HTTP/1.1" 302 0
Request received
Response sent
"GET / HTTP/1.1" 302 0
Request received
Response sent
"GET / HTTP/1.1" 302 0
Request received
Response sent
"GET / HTTP/1.1" 302 0
Request received
Response sent
"GET / HTTP/1.1" 302 0
Request received
Response sent
"GET / HTTP/1.1" 302 0
Watching for file changes with StatReloader
Request received
Response sent
"GET /api/v1/health/ HTTP/1.1" 200 79
Watching for file changes with StatReloader
Request received
Response sent
"GET /api/v1/health/ HTTP/1.1" 200 79
Watching for file changes with StatReloader
Request received
Response sent
"GET /api/v1/health/ HTTP/1.1" 200 79
Watching for file changes with StatReloader
"GET /admin/ HTTP/1.1" 302 0
"GET /admin/login/?next=/admin/ HTTP/1.1" 200 4178
"GET /admin/ HTTP/1.1" 302 0
"GET /admin/login/?next=/admin/ HTTP/1.1" 200 4178
Watching for file changes with StatReloader
Watching for file changes with StatReloader
Request received
Client error response
Not Found: /api/
"GET /api/ HTTP/1.1" 404 2656
"GET /admin/ HTTP/1.1" 302 0
"GET /admin/login/?next=/admin/ HTTP/1.1" 200 4178
Watching for file changes with StatReloader
"GET /admin/ HTTP/1.1" 302 0
"GET /admin/login/?next=/admin/ HTTP/1.1" 200 4178
Watching for file changes with StatReloader
Watching for file changes with StatReloader
Watching for file changes with StatReloader
Watching for file changes with StatReloader
Watching for file changes with StatReloader
Watching for file changes with StatReloader
Watching for file changes with StatReloader
Watching for file changes with StatReloader
Watching for file changes with StatReloader
Request received
Response sent
"GET / HTTP/1.1" 302 0
Request received
Response sent
"GET /api/v1/docs/ HTTP/1.1" 200 2235
"GET /static/drf-yasg/style.css HTTP/1.1" 304 0
"GET /static/drf-yasg/swagger-ui-dist/swagger-ui.css HTTP/1.1" 304 0
"GET /static/drf-yasg/swagger-ui-dist/swagger-ui-standalone-preset.js HTTP/1.1" 304 0
"GET /static/drf-yasg/swagger-ui-dist/swagger-ui-bundle.js HTTP/1.1" 304 0
"GET /static/drf-yasg/swagger-ui-init.js HTTP/1.1" 304 0
"GET /static/drf-yasg/insQ.min.js HTTP/1.1" 304 0
"GET /static/drf-yasg/immutable.min.js HTTP/1.1" 304 0
Request received
Response sent
"GET /api/v1/docs/?format=openapi HTTP/1.1" 200 28608
Request received
Client error response
Unauthorized: /api/v1/appointments/
"GET /api/v1/appointments/ HTTP/1.1" 401 58
Watching for file changes with StatReloader
Request received
Client error response
Unauthorized: /api/v1/appointments/
"GET /api/v1/appointments/ HTTP/1.1" 401 58
Request received
Client error response
Unauthorized: /api/v1/cases/
"GET /api/v1/cases/ HTTP/1.1" 401 58
Request received
Client error response
Unauthorized: /api/v1/clients/
"GET /api/v1/clients/ HTTP/1.1" 401 58
Request received
Client error response
Unauthorized: /api/v1/appointments/
"GET /api/v1/appointments/ HTTP/1.1" 401 58
Request received
Client error response
Unauthorized: /api/v1/cases/
"GET /api/v1/cases/ HTTP/1.1" 401 58
Request received
Client error response
Not Found: /api/v1/core/test/
"GET /api/v1/core/test/ HTTP/1.1" 404 4591
Request received
Client error response
Not Found: /api/v1/core/test/
"GET /api/v1/core/test/ HTTP/1.1" 404 4591
Request received
Client error response
Not Found: /api/v1/core/test/
"GET /api/v1/core/test/ HTTP/1.1" 404 4591
Request received
Client error response
Not Found: /api/v1/core/test/
"GET /api/v1/core/test/ HTTP/1.1" 404 4591
Request received
Client error response
Not Found: /api/v1/core/test/
"GET /api/v1/core/test/ HTTP/1.1" 404 4591
Request received
Client error response
Unauthorized: /api/v1/appointments/
"GET /api/v1/appointments/ HTTP/1.1" 401 58
Request received
Client error response
Unauthorized: /api/v1/appointments/
"GET /api/v1/appointments/ HTTP/1.1" 401 58
Request received
Client error response
Unauthorized: /api/v1/appointments/
"GET /api/v1/appointments/ HTTP/1.1" 401 58
Request received
Client error response
Not Found: /api/v1/core/appointments/
"GET /api/v1/core/appointments/ HTTP/1.1" 404 4615
Request received
Client error response
Not Found: /api/v1/core/appointments/
"GET /api/v1/core/appointments/ HTTP/1.1" 404 4615
Request received
Response sent
"GET /api/v1/health/ HTTP/1.1" 200 79
Request received
Client error response
Not Found: /api/v1/core/test/
"GET /api/v1/core/test/ HTTP/1.1" 404 4591
Request received
Client error response
Not Found: /api/v1/core/test/
"GET /api/v1/core/test/ HTTP/1.1" 404 4591
Watching for file changes with StatReloader
Request received
Client error response
Not Found: /api/v1/core/test/
"GET /api/v1/core/test/ HTTP/1.1" 404 4591
D:\lawyer_office_management\backend\apps\core\views\public.py changed, reloading.
Watching for file changes with StatReloader
Watching for file changes with StatReloader
Request received
Client error response
Not Found: /api/v1/core/test/
"GET /api/v1/core/test/ HTTP/1.1" 404 4591
Watching for file changes with StatReloader
Request received
Client error response
Not Found: /api/v1/core/appointments/
"GET /api/v1/core/appointments/ HTTP/1.1" 404 4615
Request received
Client error response
Not Found: /api/v1/core/appointments/
"GET /api/v1/core/appointments/ HTTP/1.1" 404 4615
Request received
Response sent
"GET / HTTP/1.1" 302 0
Request received
Response sent
"GET /api/v1/docs/ HTTP/1.1" 200 2235
Watching for file changes with StatReloader
Watching for file changes with StatReloader
Request received
Response sent
"GET / HTTP/1.1" 302 0
Request received
Response sent
"GET /api/v1/docs/ HTTP/1.1" 200 2235
Request received
Response sent
"GET /api/v1/core/appointments/ HTTP/1.1" 200 313
Request received
Response sent
"GET /api/v1/core/appointments/ HTTP/1.1" 200 313
Request received
Client error response
Not Found: /api/v1/auth/me/
"GET /api/v1/auth/me/ HTTP/1.1" 404 7153
Request received
Client error response
Forbidden: /api/v1/auth/profile/
"GET /api/v1/auth/profile/ HTTP/1.1" 403 63
Watching for file changes with StatReloader
Request received
Client error response
Not Found: /api/v1/
"GET /api/v1/ HTTP/1.1" 404 4806
Request received
Client error response
Method Not Allowed: /api/v1/auth/login/
"GET /api/v1/auth/login/ HTTP/1.1" 405 40
Request received
Client error response
Not Found: /api/v1/
"GET /api/v1/ HTTP/1.1" 404 4806
Request received
Client error response
Method Not Allowed: /api/v1/auth/login/
"GET /api/v1/auth/login/ HTTP/1.1" 405 40
Request received
Client error response
Unauthorized: /api/v1/auth/login/
"POST /api/v1/auth/login/ HTTP/1.1" 401 63
Request received
Client error response
Unauthorized: /api/v1/auth/login/
"POST /api/v1/auth/login/ HTTP/1.1" 401 63
Request received
Client error response
Not Found: /api/v1/auth/token/
"POST /api/v1/auth/token/ HTTP/1.1" 404 7163
Request received
Client error response
Unauthorized: /api/v1/auth/login/
"POST /api/v1/auth/login/ HTTP/1.1" 401 63
Request received
Response sent
"GET /api/v1/health/ HTTP/1.1" 200 79
Request received
Client error response
Unauthorized: /api/v1/auth/login/
"POST /api/v1/auth/login/ HTTP/1.1" 401 63
Request received
Client error response
Not Found: /api/auth/user/
"GET /api/auth/user/ HTTP/1.1" 404 2686
Request received
Client error response
Not Found: /api/auth/user/
"GET /api/auth/user/ HTTP/1.1" 404 2686
Watching for file changes with StatReloader
Request received
Response sent
"GET /api/v1/health/ HTTP/1.1" 200 79
Request received
Client error response
Not Found: /api/v1/auth/
"GET /api/v1/auth/ HTTP/1.1" 404 6899
Request received
Client error response
Unauthorized: /api/v1/auth/login/
"POST /api/v1/auth/login/ HTTP/1.1" 401 63
Request received
Response sent
"POST /api/v1/auth/login/ HTTP/1.1" 200 859
Request received
Client error response
Not Found: /api/v1/auth/user/
"GET /api/v1/auth/user/ HTTP/1.1" 404 6914
Request received
Client error response
Not Found: /api/v1/auth/user/
"GET /api/v1/auth/user/ HTTP/1.1" 404 6914
Request received
Client error response
Not Found: /api/v1/auth/user/
"GET /api/v1/auth/user/ HTTP/1.1" 404 6914
Request received
Client error response
Not Found: /api/v1/auth/user/
"GET /api/v1/auth/user/ HTTP/1.1" 404 6914
Request received
Client error response
Not Found: /api/v1/auth/user/
"GET /api/v1/auth/user/ HTTP/1.1" 404 6914
Watching for file changes with StatReloader
Request received
Client error response
Not Found: /api/v1/
"GET /api/v1/ HTTP/1.1" 404 4561
Request received
Client error response
Not Found: /api/v1/
"GET /api/v1/ HTTP/1.1" 404 4561
Request received
Client error response
Not Found: /api/v1/
"GET /api/v1/ HTTP/1.1" 404 4561
Request received
Client error response
Not Found: /api/v1/
"GET /api/v1/ HTTP/1.1" 404 4561
Request received
Client error response
Not Found: /api/v1/
"GET /api/v1/ HTTP/1.1" 404 4561
Request received
Client error response
Not Found: /api/v1/
"GET /api/v1/ HTTP/1.1" 404 4561
Request received
Client error response
Not Found: /api/v1/
"GET /api/v1/ HTTP/1.1" 404 4561
Request received
Client error response
Not Found: /api/v1/
"GET /api/v1/ HTTP/1.1" 404 4561
Request received
Client error response
Not Found: /api/v1/
"GET /api/v1/ HTTP/1.1" 404 4561
Request received
Client error response
Not Found: /api/v1/
"GET /api/v1/ HTTP/1.1" 404 4561
Request received
Client error response
Not Found: /api/v1/
"GET /api/v1/ HTTP/1.1" 404 4561
Request received
Client error response
Not Found: /api/v1/
"GET /api/v1/ HTTP/1.1" 404 4561
Request received
Client error response
Not Found: /api/v1/
"GET /api/v1/ HTTP/1.1" 404 4561
Request received
Client error response
Not Found: /api/v1/
"GET /api/v1/ HTTP/1.1" 404 4561
Request received
Response sent
"GET / HTTP/1.1" 302 0
Request received
Response sent
"GET / HTTP/1.1" 302 0
Request received
Response sent
"GET / HTTP/1.1" 302 0
Request received
Response sent
"GET / HTTP/1.1" 302 0
Request received
Response sent
"GET / HTTP/1.1" 302 0
Request received
Response sent
"GET / HTTP/1.1" 302 0
Request received
Response sent
"GET / HTTP/1.1" 302 0
Request received
Response sent
"GET / HTTP/1.1" 302 0
Request received
Response sent
"GET / HTTP/1.1" 302 0
Request received
Response sent
"GET / HTTP/1.1" 302 0
Request received
Response sent
"GET / HTTP/1.1" 302 0
Request received
Response sent
"GET / HTTP/1.1" 302 0
Request received
Response sent
"GET / HTTP/1.1" 302 0
Request received
Response sent
"GET / HTTP/1.1" 302 0
Request received
Response sent
"GET / HTTP/1.1" 302 0
Request received
Response sent
"GET / HTTP/1.1" 302 0
Request received
Response sent
"GET / HTTP/1.1" 302 0
Request received
Response sent
"GET / HTTP/1.1" 302 0
Request received
Response sent
"GET / HTTP/1.1" 302 0
Request received
Response sent
"GET / HTTP/1.1" 302 0
Request received
Response sent
"GET / HTTP/1.1" 302 0
Request received
Response sent
"GET / HTTP/1.1" 302 0
Request received
Response sent
"GET / HTTP/1.1" 302 0
Request received
Response sent
"GET / HTTP/1.1" 302 0
Request received
Response sent
"GET / HTTP/1.1" 302 0
Request received
Response sent
"GET / HTTP/1.1" 302 0
Request received
Response sent
"GET / HTTP/1.1" 302 0
Request received
Response sent
"GET / HTTP/1.1" 302 0
Request received
Response sent
"GET / HTTP/1.1" 302 0
Request received
Response sent
"GET / HTTP/1.1" 302 0
Request received
Response sent
"GET / HTTP/1.1" 302 0
Request received
Response sent
"GET / HTTP/1.1" 302 0
Request received
Response sent
"GET / HTTP/1.1" 302 0
Request received
Response sent
"GET / HTTP/1.1" 302 0
Request received
Response sent
"GET / HTTP/1.1" 302 0
Request received
Response sent
"GET / HTTP/1.1" 302 0
Request received
Response sent
"GET / HTTP/1.1" 302 0
Request received
Response sent
"GET / HTTP/1.1" 302 0
Request received
Response sent
"GET / HTTP/1.1" 302 0
Request received
Client error response
Not Found: /api/v1/
"GET /api/v1/ HTTP/1.1" 404 4561
Request received
Response sent
"GET / HTTP/1.1" 302 0
Request received
Response sent
"GET /api/v1/health/ HTTP/1.1" 200 79
Request received
Response sent
"GET / HTTP/1.1" 302 0
Request received
Response sent
"GET /api/v1/health/ HTTP/1.1" 200 79
Watching for file changes with StatReloader
Request received
Response sent
"GET / HTTP/1.1" 302 0
Request received
Response sent
"GET /api/v1/health/ HTTP/1.1" 200 79
Request received
Response sent
"GET / HTTP/1.1" 302 0
Request received
Response sent
"GET /api/v1/health/ HTTP/1.1" 200 79
Request received
Response sent
"GET / HTTP/1.1" 302 0
Request received
Response sent
"GET /api/v1/health/ HTTP/1.1" 200 79
Request received
Response sent
"GET / HTTP/1.1" 302 0
Request received
Response sent
"GET /api/v1/health/ HTTP/1.1" 200 79
Request received
Response sent
"GET / HTTP/1.1" 302 0
Request received
Response sent
"GET /api/v1/health/ HTTP/1.1" 200 79
Request received
Response sent
"GET / HTTP/1.1" 302 0
Request received
Response sent
"GET /api/v1/health/ HTTP/1.1" 200 79
Request received
Client error response
Not Found: /api/v1/auth/user/
"GET /api/v1/auth/user/ HTTP/1.1" 404 6914
Request received
Client error response
Not Found: /api/v1/auth/user/
"GET /api/v1/auth/user/ HTTP/1.1" 404 6914
Watching for file changes with StatReloader
D:\lawyer_office_management\backend\apps\users\urls.py changed, reloading.
Watching for file changes with StatReloader
Watching for file changes with StatReloader
Request received
Client error response
Unauthorized: /api/v1/auth/user/
"GET /api/v1/auth/user/ HTTP/1.1" 401 58
Request received
Client error response
Unauthorized: /api/v1/clients/
"GET /api/v1/clients/ HTTP/1.1" 401 58
Request received
Client error response
Unauthorized: /api/v1/appointments/
"GET /api/v1/appointments/ HTTP/1.1" 401 58
Request received
Client error response
Unauthorized: /api/v1/auth/login/
"POST /api/v1/auth/login/ HTTP/1.1" 401 63
Request received
Response sent
"POST /api/v1/auth/login/ HTTP/1.1" 200 903
Request received
Response sent
"POST /api/v1/auth/login/ HTTP/1.1" 200 903
Request received
Response sent
"GET /api/v1/auth/user/ HTTP/1.1" 200 166
Request received
Response sent
"POST /api/v1/auth/login/ HTTP/1.1" 200 903
Request received
Response sent
"GET /api/v1/clients/ HTTP/1.1" 200 1843
Request received
Response sent
"POST /api/v1/auth/login/ HTTP/1.1" 200 903
Request received
Response sent
"GET /api/v1/appointments/ HTTP/1.1" 200 1425
Request received
Response sent
"POST /api/v1/auth/login/ HTTP/1.1" 200 903
Request received
Response sent
"POST /api/v1/appointments/ HTTP/1.1" 201 255
Request received
Response sent
"POST /api/v1/auth/login/ HTTP/1.1" 200 903
Request received
Response sent
"POST /api/v1/clients/ HTTP/1.1" 201 331
Request received
Response sent
"GET / HTTP/1.1" 302 0
Request received
Response sent
"GET / HTTP/1.1" 302 0
Request received
Response sent
"GET /api/v1/health/ HTTP/1.1" 200 79
Request received
Client error response
Unauthorized: /api/v1/auth/user/
"GET /api/v1/auth/user/ HTTP/1.1" 401 172
Request received
Client error response
Unauthorized: /api/v1/auth/user/
"GET /api/v1/auth/user/ HTTP/1.1" 401 172
Request received
Response sent
"POST /api/v1/auth/login/ HTTP/1.1" 200 903
Request received
Response sent
"GET /api/v1/appointments/ HTTP/1.1" 200 1681
Request received
Response sent
"GET /api/v1/clients/ HTTP/1.1" 200 2175
Request received
Response sent
"GET /api/v1/auth/user/ HTTP/1.1" 200 166
Request received
Response sent
"GET / HTTP/1.1" 302 0
Request received
Response sent
"GET / HTTP/1.1" 302 0
Request received
Response sent
"GET /api/v1/health/ HTTP/1.1" 200 79
Request received
Response sent
"GET / HTTP/1.1" 302 0
Request received
Response sent
"GET / HTTP/1.1" 302 0
Request received
Response sent
"GET /api/v1/health/ HTTP/1.1" 200 79
Request received
Response sent
"POST /api/v1/auth/login/ HTTP/1.1" 200 903
Request received
Response sent
"GET /api/v1/appointments/ HTTP/1.1" 200 1681
Request received
Response sent
"POST /api/v1/auth/login/ HTTP/1.1" 200 903
Request received
Response sent
"GET /api/v1/appointments/ HTTP/1.1" 200 1681
Request received
Response sent
"POST /api/v1/auth/login/ HTTP/1.1" 200 903
Request received
Response sent
"GET /api/v1/appointments/ HTTP/1.1" 200 1681
Request received
Response sent
"GET / HTTP/1.1" 302 0
Request received
Response sent
"GET / HTTP/1.1" 302 0
Request received
Response sent
"GET /api/v1/health/ HTTP/1.1" 200 79
Request received
Client error response
Unauthorized: /api/v1/appointments/
"GET /api/v1/appointments/ HTTP/1.1" 401 172
Request received
Client error response
Unauthorized: /api/v1/appointments/
"GET /api/v1/appointments/ HTTP/1.1" 401 172
Request received
Client error response
Unauthorized: /api/v1/auth/user/
"GET /api/v1/auth/user/ HTTP/1.1" 401 172
Request received
Client error response
Unauthorized: /api/v1/auth/user/
"GET /api/v1/auth/user/ HTTP/1.1" 401 172
Request received
Response sent
"GET / HTTP/1.1" 302 0
Request received
Response sent
"GET /api/v1/health/ HTTP/1.1" 200 79
Request received
Client error response
Unauthorized: /api/v1/appointments/
"GET /api/v1/appointments/ HTTP/1.1" 401 172
Request received
Client error response
Unauthorized: /api/v1/appointments/
"GET /api/v1/appointments/ HTTP/1.1" 401 172
Request received
Response sent
"GET / HTTP/1.1" 302 0
Request received
Response sent
"GET /api/v1/health/ HTTP/1.1" 200 79
Request received
Response sent
"GET / HTTP/1.1" 302 0
Request received
Response sent
"GET /api/v1/health/ HTTP/1.1" 200 79
Request received
Client error response
Unauthorized: /api/v1/appointments/
"GET /api/v1/appointments/ HTTP/1.1" 401 172
Request received
Client error response
Unauthorized: /api/v1/appointments/
"GET /api/v1/appointments/ HTTP/1.1" 401 172
Request received
Client error response
Unauthorized: /api/v1/appointments/
"GET /api/v1/appointments/ HTTP/1.1" 401 172
Request received
Client error response
Unauthorized: /api/v1/appointments/
"GET /api/v1/appointments/ HTTP/1.1" 401 172
Request received
Response sent
"GET / HTTP/1.1" 302 0
Request received
Response sent
"GET /api/v1/health/ HTTP/1.1" 200 79
Watching for file changes with StatReloader
Request received
Response sent
"GET / HTTP/1.1" 302 0
Request received
Response sent
"GET / HTTP/1.1" 302 0
Request received
Response sent
"GET /api/v1/health/ HTTP/1.1" 200 79
Request received
Response sent
"GET / HTTP/1.1" 302 0
Request received
Response sent
"GET /api/v1/health/ HTTP/1.1" 200 79
Request received
Response sent
"GET / HTTP/1.1" 302 0
Request received
Response sent
"GET /api/v1/health/ HTTP/1.1" 200 79
Request received
Response sent
"POST /api/v1/auth/login/ HTTP/1.1" 200 880
Request received
Response sent
"GET /api/v1/appointments/ HTTP/1.1" 200 1681
Request received
Response sent
"POST /api/v1/auth/login/ HTTP/1.1" 200 872
Request received
Response sent
"GET /api/v1/appointments/ HTTP/1.1" 200 888
Request received
Response sent
"POST /api/v1/auth/login/ HTTP/1.1" 200 872
Request received
Response sent
"GET / HTTP/1.1" 302 0
Request received
Response sent
"GET /api/v1/health/ HTTP/1.1" 200 79
Request received
Response sent
"POST /api/v1/auth/login/ HTTP/1.1" 200 872
Request received
Response sent
"GET /api/v1/appointments/ HTTP/1.1" 200 888
Request received
Response sent
- Broken pipe from ('127.0.0.1', 62145)
Request received
Response sent
"GET / HTTP/1.1" 302 0
Request received
Response sent
"GET /api/v1/health/ HTTP/1.1" 200 79
Request received
Response sent
"POST /api/v1/auth/login/ HTTP/1.1" 200 872
Request received
Response sent
"GET /api/v1/appointments/ HTTP/1.1" 200 888
Request received
Response sent
- Broken pipe from ('127.0.0.1', 62467)
Request received
Response sent
"GET /api/v1/appointments/ HTTP/1.1" 200 888
Request received
Response sent
- Broken pipe from ('127.0.0.1', 62494)
Request received
Client error response
Unauthorized: /api/v1/clients/
"GET /api/v1/clients/ HTTP/1.1" 401 58
Request received
Response sent
"GET / HTTP/1.1" 302 0
Request received
Response sent
"GET /api/v1/health/ HTTP/1.1" 200 79
Request received
Response sent
"POST /api/v1/auth/login/ HTTP/1.1" 200 872
Request received
Response sent
"GET / HTTP/1.1" 302 0
Request received
Response sent
"GET /api/v1/health/ HTTP/1.1" 200 79
Request received
Client error response
Bad Request: /api/v1/auth/login/
"POST /api/v1/auth/login/ HTTP/1.1" 400 37
Request received
Client error response
Bad Request: /api/v1/auth/login/
"POST /api/v1/auth/login/ HTTP/1.1" 400 37
Request received
Response sent
"GET / HTTP/1.1" 302 0
Request received
Response sent
"GET /api/v1/health/ HTTP/1.1" 200 79
Request received
Client error response
Bad Request: /api/v1/auth/login/
"POST /api/v1/auth/login/ HTTP/1.1" 400 37
Request received
Client error response
Bad Request: /api/v1/auth/login/
"POST /api/v1/auth/login/ HTTP/1.1" 400 37
Request received
Response sent
"GET /api/v1/health/ HTTP/1.1" 200 79
Request received
Client error response
Bad Request: /api/v1/auth/login/
"POST /api/v1/auth/login/ HTTP/1.1" 400 37
Request received
Response sent
"GET / HTTP/1.1" 302 0
Request received
Response sent
"GET /api/v1/health/ HTTP/1.1" 200 79
Request received
Client error response
Bad Request: /api/v1/auth/login/
"POST /api/v1/auth/login/ HTTP/1.1" 400 37
Request received
Client error response
Bad Request: /api/v1/auth/login/
"POST /api/v1/auth/login/ HTTP/1.1" 400 37
Request received
Response sent
"GET / HTTP/1.1" 302 0
Request received
Response sent
"GET /api/v1/health/ HTTP/1.1" 200 79
Request received
Client error response
Bad Request: /api/v1/auth/login/
"POST /api/v1/auth/login/ HTTP/1.1" 400 37
Watching for file changes with StatReloader
Request received
Response sent
"GET /api/v1/health/ HTTP/1.1" 200 79
Request received
Response sent
"GET /api/v1/health/ HTTP/1.1" 200 79
Request received
Internal Server Error: /api/v1/auth/login/
Traceback (most recent call last):
  File "C:\Users\T\AppData\Local\Programs\Python\Python311\Lib\site-packages\django\core\handlers\exception.py", line 55, in inner
    response = get_response(request)
               ^^^^^^^^^^^^^^^^^^^^^
  File "C:\Users\T\AppData\Local\Programs\Python\Python311\Lib\site-packages\django\core\handlers\base.py", line 197, in _get_response
    response = wrapped_callback(request, *callback_args, **callback_kwargs)
               ^^^^^^^^^^^^^^^^^^^^^^^^^^^^^^^^^^^^^^^^^^^^^^^^^^^^^^^^^^^^
  File "C:\Users\T\AppData\Local\Programs\Python\Python311\Lib\site-packages\django\views\decorators\csrf.py", line 65, in _view_wrapper
    return view_func(request, *args, **kwargs)
           ^^^^^^^^^^^^^^^^^^^^^^^^^^^^^^^^^^^
  File "C:\Users\T\AppData\Local\Programs\Python\Python311\Lib\site-packages\django\views\generic\base.py", line 105, in view
    return self.dispatch(request, *args, **kwargs)
           ^^^^^^^^^^^^^^^^^^^^^^^^^^^^^^^^^^^^^^^
  File "C:\Users\T\AppData\Local\Programs\Python\Python311\Lib\site-packages\rest_framework\views.py", line 515, in dispatch
    response = self.handle_exception(exc)
               ^^^^^^^^^^^^^^^^^^^^^^^^^^
  File "C:\Users\T\AppData\Local\Programs\Python\Python311\Lib\site-packages\rest_framework\views.py", line 475, in handle_exception
    self.raise_uncaught_exception(exc)
  File "C:\Users\T\AppData\Local\Programs\Python\Python311\Lib\site-packages\rest_framework\views.py", line 486, in raise_uncaught_exception
    raise exc
  File "C:\Users\T\AppData\Local\Programs\Python\Python311\Lib\site-packages\rest_framework\views.py", line 512, in dispatch
    response = handler(request, *args, **kwargs)
               ^^^^^^^^^^^^^^^^^^^^^^^^^^^^^^^^^
  File "C:\Users\T\AppData\Local\Programs\Python\Python311\Lib\site-packages\rest_framework_simplejwt\views.py", line 46, in post
    serializer.is_valid(raise_exception=True)
  File "C:\Users\T\AppData\Local\Programs\Python\Python311\Lib\site-packages\rest_framework\serializers.py", line 225, in is_valid
    self._validated_data = self.run_validation(self.initial_data)
                           ^^^^^^^^^^^^^^^^^^^^^^^^^^^^^^^^^^^^^^
  File "C:\Users\T\AppData\Local\Programs\Python\Python311\Lib\site-packages\rest_framework\serializers.py", line 447, in run_validation
    value = self.validate(value)
            ^^^^^^^^^^^^^^^^^^^^
  File "D:\lawyer_office_management\backend\apps\users\serializers.py", line 77, in validate
    data = super().validate(attrs)
           ^^^^^^^^^^^^^^^^^^^^^^^
  File "C:\Users\T\AppData\Local\Programs\Python\Python311\Lib\site-packages\rest_framework_simplejwt\serializers.py", line 73, in validate
    data = super().validate(attrs)
           ^^^^^^^^^^^^^^^^^^^^^^^
  File "C:\Users\T\AppData\Local\Programs\Python\Python311\Lib\site-packages\rest_framework_simplejwt\serializers.py", line 46, in validate
    self.username_field: attrs[self.username_field],
                         ~~~~~^^^^^^^^^^^^^^^^^^^^^
KeyError: 'email'
Server error response
"POST /api/v1/auth/login/ HTTP/1.1" 500 124627
Watching for file changes with StatReloader
Request received
Response sent
"POST /api/v1/auth/login/ HTTP/1.1" 200 880
Request received
Response sent
"GET / HTTP/1.1" 302 0
Request received
Response sent
"GET / HTTP/1.1" 302 0
Request received
Response sent
"GET /api/v1/health/ HTTP/1.1" 200 79
Request received
Response sent
"POST /api/v1/auth/login/ HTTP/1.1" 200 872
Request received
Response sent
"GET /api/v1/appointments/ HTTP/1.1" 200 888
Request received
Response sent
- Broken pipe from ('127.0.0.1', 54191)
Request received
Response sent
"GET /api/v1/clients/ HTTP/1.1" 200 2175
Request received
Response sent
- Broken pipe from ('127.0.0.1', 54206)
Request received
Response sent
"GET /api/v1/appointments/ HTTP/1.1" 200 888
Request received
Response sent
- Broken pipe from ('127.0.0.1', 54215)
Request received
Response sent
"GET /api/v1/appointments/ HTTP/1.1" 200 888
Request received
Response sent
- Broken pipe from ('127.0.0.1', 54228)
Request received
Response sent
"GET /api/v1/clients/ HTTP/1.1" 200 2175
Request received
Response sent
- Broken pipe from ('127.0.0.1', 54248)
Request received
Response sent
"GET / HTTP/1.1" 302 0
Request received
Response sent
"GET /api/v1/health/ HTTP/1.1" 200 79
Request received
Response sent
"POST /api/v1/auth/login/ HTTP/1.1" 200 872
Request received
Response sent
"GET /api/v1/appointments/ HTTP/1.1" 200 888
Request received
Response sent
"GET /api/v1/appointments/ HTTP/1.1" 200 888
Request received
Response sent
"GET /api/v1/clients/ HTTP/1.1" 200 2175
Request received
Response sent
"GET /api/v1/clients/ HTTP/1.1" 200 2175
Request received
Response sent
"GET /api/v1/appointments/ HTTP/1.1" 200 888
Request received
Response sent
"GET /api/v1/appointments/ HTTP/1.1" 200 888
Request received
Response sent
"GET /api/v1/clients/ HTTP/1.1" 200 2175
Request received
Response sent
"GET /api/v1/appointments/ HTTP/1.1" 200 888
Request received
Response sent
"GET /api/v1/appointments/ HTTP/1.1" 200 888
Request received
Response sent
"GET /api/v1/clients/ HTTP/1.1" 200 2175
Request received
Response sent
"GET /api/v1/clients/ HTTP/1.1" 200 2175
Request received
Response sent
"GET /api/v1/appointments/ HTTP/1.1" 200 888
Request received
Response sent
"GET /api/v1/appointments/ HTTP/1.1" 200 888
Request received
Response sent
"GET /api/v1/clients/ HTTP/1.1" 200 2175
Request received
Response sent
"GET /api/v1/clients/ HTTP/1.1" 200 2175
Request received
Response sent
"POST /api/v1/clients/ HTTP/1.1" 201 375
Request received
Response sent
"GET / HTTP/1.1" 302 0
Request received
Response sent
"GET / HTTP/1.1" 302 0
Request received
Response sent
"GET /api/v1/health/ HTTP/1.1" 200 79
Request received
Response sent
"GET / HTTP/1.1" 302 0
Request received
Response sent
"GET / HTTP/1.1" 302 0
Request received
Response sent
"GET /api/v1/health/ HTTP/1.1" 200 79
Request received
Response sent
"GET / HTTP/1.1" 302 0
Request received
Response sent
"GET / HTTP/1.1" 302 0
Request received
Response sent
"GET /api/v1/health/ HTTP/1.1" 200 79
Request received
Response sent
"POST /api/v1/auth/login/ HTTP/1.1" 200 872
Request received
Response sent
"GET /api/v1/clients/ HTTP/1.1" 200 2551
Request received
Response sent
"GET /api/v1/clients/ HTTP/1.1" 200 2551
Request received
Response sent
"GET /api/v1/appointments/ HTTP/1.1" 200 888
Request received
Response sent
"GET /api/v1/appointments/ HTTP/1.1" 200 888
Request received
Response sent
"GET / HTTP/1.1" 302 0
Request received
Response sent
"GET /api/v1/health/ HTTP/1.1" 200 79
Request received
Response sent
"POST /api/v1/auth/login/ HTTP/1.1" 200 872
Request received
Response sent
"GET /api/v1/appointments/ HTTP/1.1" 200 888
Request received
Response sent
"GET /api/v1/appointments/ HTTP/1.1" 200 888
Request received
Response sent
"GET /api/v1/clients/ HTTP/1.1" 200 2551
Request received
Response sent
"GET /api/v1/clients/ HTTP/1.1" 200 2551
